<?xml version="1.0" encoding="UTF-8"?>
<testsuite name="org.hibernare.example.AllowEnhancementAsProxyTest" tests="4" skipped="0" failures="0" errors="0" timestamp="2020-07-09T13:48:10" hostname="wolverine" time="0.186">
  <properties/>
  <testcase name="getTheEntityAssociationOwnerTest" classname="org.hibernare.example.AllowEnhancementAsProxyTest" time="0.118"/>
  <testcase name="getTheEntityNotAssociationOwnerTest" classname="org.hibernare.example.AllowEnhancementAsProxyTest" time="0.033"/>
  <testcase name="loadTheEntityAssociationOwnerTest" classname="org.hibernare.example.AllowEnhancementAsProxyTest" time="0.018"/>
  <testcase name="loadTheEntityNotAssociationOwnerTest" classname="org.hibernare.example.AllowEnhancementAsProxyTest" time="0.016"/>
  <system-out><![CDATA[14:48:10,901  INFO CustomRunner:116 - BeforeClass: org.hibernare.example.AllowEnhancementAsProxyTest
14:48:10,925  WARN CachingRegionFactory:48 - org.hibernate.testing.cache.CachingRegionFactory should be only used for testing.
14:48:10,927  WARN pooling:72 - HHH10001002: Using Hibernate built-in connection pool (not for production use!)
14:48:10,928  INFO pooling:115 - HHH10001005: using driver [org.h2.Driver] at URL [jdbc:h2:mem:test]
14:48:10,928  INFO pooling:124 - HHH10001001: Connection properties: {user=sa, password=****}
14:48:10,929  INFO pooling:129 - HHH10001003: Autocommit mode: false
14:48:10,929  INFO DriverManagerConnectionProviderImpl:249 - HHH000115: Hibernate connection pool size: 20 (min=1)
14:48:10,932  INFO Dialect:172 - HHH000400: Using dialect: org.hibernate.dialect.H2Dialect
14:48:10,952  INFO EntityMetamodel:344 - HHH000157: Lazy property fetching available for: org.hibernare.example.AllowEnhancementAsProxyTest$User
14:48:10,980 DEBUG SQL:128 - drop table if exists Address CASCADE 
Hibernate: drop table if exists Address CASCADE 
14:48:10,980  INFO access:47 - HHH10001501: Connection obtained from JdbcConnectionAccess [org.hibernate.engine.jdbc.env.internal.JdbcEnvironmentInitiator$ConnectionProviderJdbcConnectionAccess@5be7b181] for (non-JTA) DDL execution was not in auto-commit mode; the Connection 'local transaction' will be committed and the Connection will be set into auto-commit mode.
14:48:10,981 DEBUG SQL:128 - drop table if exists User CASCADE 
Hibernate: drop table if exists User CASCADE 
14:48:10,982 DEBUG SQL:128 - create table Address (B_ID bigint not null, city varchar(255), street varchar(255), zipcode varchar(255), user_A_ID bigint, primary key (B_ID))
Hibernate: create table Address (B_ID bigint not null, city varchar(255), street varchar(255), zipcode varchar(255), user_A_ID bigint, primary key (B_ID))
14:48:10,982  INFO access:47 - HHH10001501: Connection obtained from JdbcConnectionAccess [org.hibernate.engine.jdbc.env.internal.JdbcEnvironmentInitiator$ConnectionProviderJdbcConnectionAccess@1676f9d1] for (non-JTA) DDL execution was not in auto-commit mode; the Connection 'local transaction' will be committed and the Connection will be set into auto-commit mode.
14:48:10,983 DEBUG SQL:128 - create table User (A_ID bigint not null, name varchar(255), primary key (A_ID))
Hibernate: create table User (A_ID bigint not null, name varchar(255), primary key (A_ID))
14:48:10,985 DEBUG SQL:128 - alter table Address add constraint FK6rj24j4nitkp8t9ns9bo2xm7f foreign key (user_A_ID) references User
Hibernate: alter table Address add constraint FK6rj24j4nitkp8t9ns9bo2xm7f foreign key (user_A_ID) references User
14:48:10,993  INFO JtaPlatformInitiator:52 - HHH000490: Using JtaPlatform implementation: [org.hibernate.engine.transaction.jta.platform.internal.JBossStandAloneJtaPlatform]
14:48:10,994  INFO CustomRunner:123 - Test: getTheEntityAssociationOwnerTest
14:48:10,995 DEBUG SQL:128 - insert into User (name, A_ID) values (?, ?)
Hibernate: insert into User (name, A_ID) values (?, ?)
14:48:10,996 TRACE BasicBinder:64 - binding parameter [1] as [VARCHAR] - [Fab]
14:48:10,996 TRACE BasicBinder:64 - binding parameter [2] as [BIGINT] - [1]
14:48:10,997 DEBUG SQL:128 - insert into Address (city, street, user_A_ID, zipcode, B_ID) values (?, ?, ?, ?, ?)
Hibernate: insert into Address (city, street, user_A_ID, zipcode, B_ID) values (?, ?, ?, ?, ?)
14:48:10,998 TRACE BasicBinder:64 - binding parameter [1] as [VARCHAR] - [London]
14:48:10,998 TRACE BasicBinder:64 - binding parameter [2] as [VARCHAR] - [Sancrofd St]
14:48:10,999 TRACE BasicBinder:64 - binding parameter [3] as [BIGINT] - [1]
14:48:10,999 TRACE BasicBinder:64 - binding parameter [4] as [VARCHAR] - [SE11 %UG]
14:48:11,000 TRACE BasicBinder:64 - binding parameter [5] as [BIGINT] - [2]
14:48:11,002  INFO StatisticalLoggingSessionEventListener:258 - Session Metrics {
    14856 nanoseconds spent acquiring 1 JDBC connections;
    57262 nanoseconds spent releasing 1 JDBC connections;
    209489 nanoseconds spent preparing 2 JDBC statements;
    858895 nanoseconds spent executing 2 JDBC statements;
    0 nanoseconds spent executing 0 JDBC batches;
    0 nanoseconds spent performing 0 L2C puts;
    0 nanoseconds spent performing 0 L2C hits;
    0 nanoseconds spent performing 0 L2C misses;
    5988450 nanoseconds spent executing 1 flushes (flushing a total of 2 entities and 0 collections);
    0 nanoseconds spent executing 0 partial-flushes (flushing a total of 0 entities and 0 collections)
}
14:48:11,006 DEBUG SQL:128 - select allowenhan0_.B_ID as b_id1_0_0_, allowenhan0_.city as city2_0_0_, allowenhan0_.street as street3_0_0_, allowenhan0_.user_A_ID as user_a_i5_0_0_, allowenhan0_.zipcode as zipcode4_0_0_ from Address allowenhan0_ where allowenhan0_.B_ID=?
Hibernate: select allowenhan0_.B_ID as b_id1_0_0_, allowenhan0_.city as city2_0_0_, allowenhan0_.street as street3_0_0_, allowenhan0_.user_A_ID as user_a_i5_0_0_, allowenhan0_.zipcode as zipcode4_0_0_ from Address allowenhan0_ where allowenhan0_.B_ID=?
14:48:11,006 TRACE BasicBinder:64 - binding parameter [1] as [BIGINT] - [2]
14:48:11,007 TRACE BasicExtractor:60 - extracted value ([city2_0_0_] : [VARCHAR]) - [London]
14:48:11,007 TRACE BasicExtractor:60 - extracted value ([street3_0_0_] : [VARCHAR]) - [Sancrofd St]
14:48:11,008 TRACE BasicExtractor:60 - extracted value ([user_a_i5_0_0_] : [BIGINT]) - [1]
14:48:11,008 TRACE BasicExtractor:60 - extracted value ([zipcode4_0_0_] : [VARCHAR]) - [SE11 %UG]
14:48:11,009 DEBUG SQL:128 - select allowenhan0_.A_ID as a_id1_1_0_, allowenhan0_.name as name2_1_0_ from User allowenhan0_ where allowenhan0_.A_ID=?
Hibernate: select allowenhan0_.A_ID as a_id1_1_0_, allowenhan0_.name as name2_1_0_ from User allowenhan0_ where allowenhan0_.A_ID=?
14:48:11,010 TRACE BasicBinder:64 - binding parameter [1] as [BIGINT] - [1]
14:48:11,011 TRACE BasicExtractor:60 - extracted value ([name2_1_0_] : [VARCHAR]) - [Fab]
14:48:11,012  INFO StatisticalLoggingSessionEventListener:258 - Session Metrics {
    16759 nanoseconds spent acquiring 1 JDBC connections;
    65089 nanoseconds spent releasing 1 JDBC connections;
    417634 nanoseconds spent preparing 2 JDBC statements;
    337754 nanoseconds spent executing 2 JDBC statements;
    0 nanoseconds spent executing 0 JDBC batches;
    0 nanoseconds spent performing 0 L2C puts;
    0 nanoseconds spent performing 0 L2C hits;
    0 nanoseconds spent performing 0 L2C misses;
    168498 nanoseconds spent executing 1 flushes (flushing a total of 2 entities and 0 collections);
    0 nanoseconds spent executing 0 partial-flushes (flushing a total of 0 entities and 0 collections)
}
14:48:11,042 DEBUG QueryTranslatorImpl:292 - parse() - HQL: delete from org.hibernare.example.AllowEnhancementAsProxyTest$Address
14:48:11,046 DEBUG ErrorTracker:97 - throwQueryException() : no errors
14:48:11,052 DEBUG QueryTranslatorImpl:313 - --- HQL AST ---
 \-[DELETE] Node: 'delete'
    \-[FROM] Node: 'FROM'
       \-[RANGE] Node: 'RANGE'
          \-[DOT] Node: '.'
             +-[DOT] Node: '.'
             |  +-[DOT] Node: '.'
             |  |  +-[IDENT] Node: 'org'
             |  |  \-[IDENT] Node: 'hibernare'
             |  \-[IDENT] Node: 'example'
             \-[IDENT] Node: 'AllowEnhancementAsProxyTest$Address'

14:48:11,087 DEBUG FromElement:153 - FromClause{level=1} : org.hibernare.example.AllowEnhancementAsProxyTest$Address (<no alias>) -> allowenhan0_
14:48:11,089 DEBUG QueryTranslatorImpl:279 - --- SQL AST ---
 \-[DELETE] DeleteStatement: 'delete'  querySpaces (Address)
    \-[FROM] FromClause: 'FROM' FromClause{level=1, fromElementCounter=1, fromElements=1, fromElementByClassAlias=[], fromElementByTableAlias=[allowenhan0_], fromElementsByPath=[], collectionJoinFromElementsByPath=[], impliedElements=[]}
       \-[FROM_FRAGMENT] FromElement: 'Address' FromElement{explicit,not a collection join,not a fetch join,fetch non-lazy properties,classAlias=null,role=null,tableName=Address,tableAlias=allowenhan0_,origin=null,columns={,className=org.hibernare.example.AllowEnhancementAsProxyTest$Address}}

14:48:11,089 DEBUG ErrorTracker:97 - throwQueryException() : no errors
14:48:11,095 DEBUG ErrorTracker:97 - throwQueryException() : no errors
14:48:11,102 DEBUG SQL:128 - delete from Address
Hibernate: delete from Address
14:48:11,104 DEBUG QueryTranslatorImpl:292 - parse() - HQL: delete from org.hibernare.example.AllowEnhancementAsProxyTest$User
14:48:11,106 DEBUG ErrorTracker:97 - throwQueryException() : no errors
14:48:11,106 DEBUG QueryTranslatorImpl:313 - --- HQL AST ---
 \-[DELETE] Node: 'delete'
    \-[FROM] Node: 'FROM'
       \-[RANGE] Node: 'RANGE'
          \-[DOT] Node: '.'
             +-[DOT] Node: '.'
             |  +-[DOT] Node: '.'
             |  |  +-[IDENT] Node: 'org'
             |  |  \-[IDENT] Node: 'hibernare'
             |  \-[IDENT] Node: 'example'
             \-[IDENT] Node: 'AllowEnhancementAsProxyTest$User'

14:48:11,107 DEBUG FromElement:153 - FromClause{level=1} : org.hibernare.example.AllowEnhancementAsProxyTest$User (<no alias>) -> allowenhan0_
14:48:11,107 DEBUG QueryTranslatorImpl:279 - --- SQL AST ---
 \-[DELETE] DeleteStatement: 'delete'  querySpaces (User)
    \-[FROM] FromClause: 'FROM' FromClause{level=1, fromElementCounter=1, fromElements=1, fromElementByClassAlias=[], fromElementByTableAlias=[allowenhan0_], fromElementsByPath=[], collectionJoinFromElementsByPath=[], impliedElements=[]}
       \-[FROM_FRAGMENT] FromElement: 'User' FromElement{explicit,not a collection join,not a fetch join,fetch non-lazy properties,classAlias=null,role=null,tableName=User,tableAlias=allowenhan0_,origin=null,columns={,className=org.hibernare.example.AllowEnhancementAsProxyTest$User}}

14:48:11,108 DEBUG ErrorTracker:97 - throwQueryException() : no errors
14:48:11,108 DEBUG ErrorTracker:97 - throwQueryException() : no errors
14:48:11,109 DEBUG SQL:128 - delete from User
Hibernate: delete from User
14:48:11,110  INFO StatisticalLoggingSessionEventListener:258 - Session Metrics {
    19223 nanoseconds spent acquiring 1 JDBC connections;
    86803 nanoseconds spent releasing 1 JDBC connections;
    542552 nanoseconds spent preparing 2 JDBC statements;
    1360568 nanoseconds spent executing 2 JDBC statements;
    0 nanoseconds spent executing 0 JDBC batches;
    0 nanoseconds spent performing 0 L2C puts;
    0 nanoseconds spent performing 0 L2C hits;
    0 nanoseconds spent performing 0 L2C misses;
    0 nanoseconds spent executing 0 flushes (flushing a total of 0 entities and 0 collections);
    41732 nanoseconds spent executing 2 partial-flushes (flushing a total of 0 entities and 0 collections)
}
14:48:11,112  INFO CustomRunner:123 - Test: getTheEntityNotAssociationOwnerTest
14:48:11,127 DEBUG SQL:128 - insert into User (name, A_ID) values (?, ?)
Hibernate: insert into User (name, A_ID) values (?, ?)
14:48:11,128 TRACE BasicBinder:64 - binding parameter [1] as [VARCHAR] - [Fab]
14:48:11,128 TRACE BasicBinder:64 - binding parameter [2] as [BIGINT] - [1]
14:48:11,128 DEBUG SQL:128 - insert into Address (city, street, user_A_ID, zipcode, B_ID) values (?, ?, ?, ?, ?)
Hibernate: insert into Address (city, street, user_A_ID, zipcode, B_ID) values (?, ?, ?, ?, ?)
14:48:11,129 TRACE BasicBinder:64 - binding parameter [1] as [VARCHAR] - [London]
14:48:11,129 TRACE BasicBinder:64 - binding parameter [2] as [VARCHAR] - [Sancrofd St]
14:48:11,129 TRACE BasicBinder:64 - binding parameter [3] as [BIGINT] - [1]
14:48:11,130 TRACE BasicBinder:64 - binding parameter [4] as [VARCHAR] - [SE11 %UG]
14:48:11,130 TRACE BasicBinder:64 - binding parameter [5] as [BIGINT] - [2]
14:48:11,131  INFO StatisticalLoggingSessionEventListener:258 - Session Metrics {
    16478 nanoseconds spent acquiring 1 JDBC connections;
    95443 nanoseconds spent releasing 1 JDBC connections;
    74110 nanoseconds spent preparing 2 JDBC statements;
    391863 nanoseconds spent executing 2 JDBC statements;
    0 nanoseconds spent executing 0 JDBC batches;
    0 nanoseconds spent performing 0 L2C puts;
    0 nanoseconds spent performing 0 L2C hits;
    0 nanoseconds spent performing 0 L2C misses;
    3617992 nanoseconds spent executing 1 flushes (flushing a total of 2 entities and 0 collections);
    0 nanoseconds spent executing 0 partial-flushes (flushing a total of 0 entities and 0 collections)
}
14:48:11,132 DEBUG SQL:128 - select allowenhan0_.A_ID as a_id1_1_0_, allowenhan0_.name as name2_1_0_ from User allowenhan0_ where allowenhan0_.A_ID=?
Hibernate: select allowenhan0_.A_ID as a_id1_1_0_, allowenhan0_.name as name2_1_0_ from User allowenhan0_ where allowenhan0_.A_ID=?
14:48:11,133 TRACE BasicBinder:64 - binding parameter [1] as [BIGINT] - [1]
14:48:11,133 TRACE BasicExtractor:60 - extracted value ([name2_1_0_] : [VARCHAR]) - [Fab]
14:48:11,135  INFO StatisticalLoggingSessionEventListener:258 - Session Metrics {
    21191 nanoseconds spent acquiring 1 JDBC connections;
    72474 nanoseconds spent releasing 1 JDBC connections;
    32573 nanoseconds spent preparing 1 JDBC statements;
    245029 nanoseconds spent executing 1 JDBC statements;
    0 nanoseconds spent executing 0 JDBC batches;
    0 nanoseconds spent performing 0 L2C puts;
    0 nanoseconds spent performing 0 L2C hits;
    0 nanoseconds spent performing 0 L2C misses;
    131047 nanoseconds spent executing 1 flushes (flushing a total of 1 entities and 0 collections);
    0 nanoseconds spent executing 0 partial-flushes (flushing a total of 0 entities and 0 collections)
}
14:48:11,136 DEBUG SQL:128 - delete from Address
Hibernate: delete from Address
14:48:11,137 DEBUG SQL:128 - delete from User
Hibernate: delete from User
14:48:11,139  INFO StatisticalLoggingSessionEventListener:258 - Session Metrics {
    18132 nanoseconds spent acquiring 1 JDBC connections;
    69307 nanoseconds spent releasing 1 JDBC connections;
    60232 nanoseconds spent preparing 2 JDBC statements;
    480772 nanoseconds spent executing 2 JDBC statements;
    0 nanoseconds spent executing 0 JDBC batches;
    0 nanoseconds spent performing 0 L2C puts;
    0 nanoseconds spent performing 0 L2C hits;
    0 nanoseconds spent performing 0 L2C misses;
    0 nanoseconds spent executing 0 flushes (flushing a total of 0 entities and 0 collections);
    10373 nanoseconds spent executing 2 partial-flushes (flushing a total of 0 entities and 0 collections)
}
14:48:11,144  INFO CustomRunner:123 - Test: loadTheEntityAssociationOwnerTest
14:48:11,145 DEBUG SQL:128 - insert into User (name, A_ID) values (?, ?)
Hibernate: insert into User (name, A_ID) values (?, ?)
14:48:11,146 TRACE BasicBinder:64 - binding parameter [1] as [VARCHAR] - [Fab]
14:48:11,147 TRACE BasicBinder:64 - binding parameter [2] as [BIGINT] - [1]
14:48:11,147 DEBUG SQL:128 - insert into Address (city, street, user_A_ID, zipcode, B_ID) values (?, ?, ?, ?, ?)
Hibernate: insert into Address (city, street, user_A_ID, zipcode, B_ID) values (?, ?, ?, ?, ?)
14:48:11,148 TRACE BasicBinder:64 - binding parameter [1] as [VARCHAR] - [London]
14:48:11,148 TRACE BasicBinder:64 - binding parameter [2] as [VARCHAR] - [Sancrofd St]
14:48:11,149 TRACE BasicBinder:64 - binding parameter [3] as [BIGINT] - [1]
14:48:11,149 TRACE BasicBinder:64 - binding parameter [4] as [VARCHAR] - [SE11 %UG]
14:48:11,149 TRACE BasicBinder:64 - binding parameter [5] as [BIGINT] - [2]
14:48:11,150  INFO StatisticalLoggingSessionEventListener:258 - Session Metrics {
    17242 nanoseconds spent acquiring 1 JDBC connections;
    54401 nanoseconds spent releasing 1 JDBC connections;
    62557 nanoseconds spent preparing 2 JDBC statements;
    381537 nanoseconds spent executing 2 JDBC statements;
    0 nanoseconds spent executing 0 JDBC batches;
    0 nanoseconds spent performing 0 L2C puts;
    0 nanoseconds spent performing 0 L2C hits;
    0 nanoseconds spent performing 0 L2C misses;
    4169151 nanoseconds spent executing 1 flushes (flushing a total of 2 entities and 0 collections);
    0 nanoseconds spent executing 0 partial-flushes (flushing a total of 0 entities and 0 collections)
}
14:48:11,152 DEBUG SQL:128 - select allowenhan0_.B_ID as b_id1_0_0_, allowenhan0_.city as city2_0_0_, allowenhan0_.street as street3_0_0_, allowenhan0_.user_A_ID as user_a_i5_0_0_, allowenhan0_.zipcode as zipcode4_0_0_ from Address allowenhan0_ where allowenhan0_.B_ID=?
Hibernate: select allowenhan0_.B_ID as b_id1_0_0_, allowenhan0_.city as city2_0_0_, allowenhan0_.street as street3_0_0_, allowenhan0_.user_A_ID as user_a_i5_0_0_, allowenhan0_.zipcode as zipcode4_0_0_ from Address allowenhan0_ where allowenhan0_.B_ID=?
14:48:11,153 TRACE BasicBinder:64 - binding parameter [1] as [BIGINT] - [2]
14:48:11,153 TRACE BasicExtractor:60 - extracted value ([city2_0_0_] : [VARCHAR]) - [London]
14:48:11,154 TRACE BasicExtractor:60 - extracted value ([street3_0_0_] : [VARCHAR]) - [Sancrofd St]
14:48:11,154 TRACE BasicExtractor:60 - extracted value ([user_a_i5_0_0_] : [BIGINT]) - [1]
14:48:11,155 TRACE BasicExtractor:60 - extracted value ([zipcode4_0_0_] : [VARCHAR]) - [SE11 %UG]
14:48:11,155 DEBUG SQL:128 - select allowenhan0_.A_ID as a_id1_1_0_, allowenhan0_.name as name2_1_0_ from User allowenhan0_ where allowenhan0_.A_ID=?
Hibernate: select allowenhan0_.A_ID as a_id1_1_0_, allowenhan0_.name as name2_1_0_ from User allowenhan0_ where allowenhan0_.A_ID=?
14:48:11,156 TRACE BasicBinder:64 - binding parameter [1] as [BIGINT] - [1]
14:48:11,157 TRACE BasicExtractor:60 - extracted value ([name2_1_0_] : [VARCHAR]) - [Fab]
14:48:11,158  INFO StatisticalLoggingSessionEventListener:258 - Session Metrics {
    20644 nanoseconds spent acquiring 1 JDBC connections;
    61615 nanoseconds spent releasing 1 JDBC connections;
    62954 nanoseconds spent preparing 2 JDBC statements;
    406884 nanoseconds spent executing 2 JDBC statements;
    0 nanoseconds spent executing 0 JDBC batches;
    0 nanoseconds spent performing 0 L2C puts;
    0 nanoseconds spent performing 0 L2C hits;
    0 nanoseconds spent performing 0 L2C misses;
    158623 nanoseconds spent executing 1 flushes (flushing a total of 2 entities and 0 collections);
    0 nanoseconds spent executing 0 partial-flushes (flushing a total of 0 entities and 0 collections)
}
14:48:11,159 DEBUG SQL:128 - delete from Address
Hibernate: delete from Address
14:48:11,160 DEBUG SQL:128 - delete from User
Hibernate: delete from User
14:48:11,162  INFO StatisticalLoggingSessionEventListener:258 - Session Metrics {
    19703 nanoseconds spent acquiring 1 JDBC connections;
    72459 nanoseconds spent releasing 1 JDBC connections;
    58723 nanoseconds spent preparing 2 JDBC statements;
    483871 nanoseconds spent executing 2 JDBC statements;
    0 nanoseconds spent executing 0 JDBC batches;
    0 nanoseconds spent performing 0 L2C puts;
    0 nanoseconds spent performing 0 L2C hits;
    0 nanoseconds spent performing 0 L2C misses;
    0 nanoseconds spent executing 0 flushes (flushing a total of 0 entities and 0 collections);
    9950 nanoseconds spent executing 2 partial-flushes (flushing a total of 0 entities and 0 collections)
}
14:48:11,163  INFO CustomRunner:123 - Test: loadTheEntityNotAssociationOwnerTest
14:48:11,164 DEBUG SQL:128 - insert into User (name, A_ID) values (?, ?)
Hibernate: insert into User (name, A_ID) values (?, ?)
14:48:11,165 TRACE BasicBinder:64 - binding parameter [1] as [VARCHAR] - [Fab]
14:48:11,166 TRACE BasicBinder:64 - binding parameter [2] as [BIGINT] - [1]
14:48:11,167 DEBUG SQL:128 - insert into Address (city, street, user_A_ID, zipcode, B_ID) values (?, ?, ?, ?, ?)
Hibernate: insert into Address (city, street, user_A_ID, zipcode, B_ID) values (?, ?, ?, ?, ?)
14:48:11,167 TRACE BasicBinder:64 - binding parameter [1] as [VARCHAR] - [London]
14:48:11,168 TRACE BasicBinder:64 - binding parameter [2] as [VARCHAR] - [Sancrofd St]
14:48:11,169 TRACE BasicBinder:64 - binding parameter [3] as [BIGINT] - [1]
14:48:11,169 TRACE BasicBinder:64 - binding parameter [4] as [VARCHAR] - [SE11 %UG]
14:48:11,169 TRACE BasicBinder:64 - binding parameter [5] as [BIGINT] - [2]
14:48:11,171  INFO StatisticalLoggingSessionEventListener:258 - Session Metrics {
    19415 nanoseconds spent acquiring 1 JDBC connections;
    57545 nanoseconds spent releasing 1 JDBC connections;
    67020 nanoseconds spent preparing 2 JDBC statements;
    388383 nanoseconds spent executing 2 JDBC statements;
    0 nanoseconds spent executing 0 JDBC batches;
    0 nanoseconds spent performing 0 L2C puts;
    0 nanoseconds spent performing 0 L2C hits;
    0 nanoseconds spent performing 0 L2C misses;
    5976383 nanoseconds spent executing 1 flushes (flushing a total of 2 entities and 0 collections);
    0 nanoseconds spent executing 0 partial-flushes (flushing a total of 0 entities and 0 collections)
}
14:48:11,174  INFO StatisticalLoggingSessionEventListener:258 - Session Metrics {
    19582 nanoseconds spent acquiring 1 JDBC connections;
    56767 nanoseconds spent releasing 1 JDBC connections;
    0 nanoseconds spent preparing 0 JDBC statements;
    0 nanoseconds spent executing 0 JDBC statements;
    0 nanoseconds spent executing 0 JDBC batches;
    0 nanoseconds spent performing 0 L2C puts;
    0 nanoseconds spent performing 0 L2C hits;
    0 nanoseconds spent performing 0 L2C misses;
    115725 nanoseconds spent executing 1 flushes (flushing a total of 1 entities and 0 collections);
    0 nanoseconds spent executing 0 partial-flushes (flushing a total of 0 entities and 0 collections)
}
14:48:11,176 DEBUG SQL:128 - delete from Address
Hibernate: delete from Address
14:48:11,176 DEBUG SQL:128 - delete from User
Hibernate: delete from User
14:48:11,178  INFO StatisticalLoggingSessionEventListener:258 - Session Metrics {
    20031 nanoseconds spent acquiring 1 JDBC connections;
    62430 nanoseconds spent releasing 1 JDBC connections;
    61960 nanoseconds spent preparing 2 JDBC statements;
    463064 nanoseconds spent executing 2 JDBC statements;
    0 nanoseconds spent executing 0 JDBC batches;
    0 nanoseconds spent performing 0 L2C puts;
    0 nanoseconds spent performing 0 L2C hits;
    0 nanoseconds spent performing 0 L2C misses;
    0 nanoseconds spent executing 0 flushes (flushing a total of 0 entities and 0 collections);
    9981 nanoseconds spent executing 2 partial-flushes (flushing a total of 0 entities and 0 collections)
}
14:48:11,180  INFO SchemaDropperImpl$DelayedDropActionImpl:526 - HHH000477: Starting delayed evictData of schema as part of SessionFactory shut-down'
14:48:11,180 DEBUG SQL:128 - drop table if exists Address CASCADE 
Hibernate: drop table if exists Address CASCADE 
14:48:11,180  INFO access:47 - HHH10001501: Connection obtained from JdbcConnectionAccess [org.hibernate.engine.jdbc.env.internal.JdbcEnvironmentInitiator$ConnectionProviderJdbcConnectionAccess@7754eb30] for (non-JTA) DDL execution was not in auto-commit mode; the Connection 'local transaction' will be committed and the Connection will be set into auto-commit mode.
14:48:11,182 DEBUG SQL:128 - drop table if exists User CASCADE 
Hibernate: drop table if exists User CASCADE 
14:48:11,183  INFO pooling:418 - HHH10001008: Cleaning up connection pool [jdbc:h2:mem:test]
]]></system-out>
  <system-err><![CDATA[]]></system-err>
</testsuite>
